#
# There is insufficient memory for the Java Runtime Environment to continue.
# Native memory allocation (malloc) failed to allocate 1368016 bytes for Chunk::new
# Possible reasons:
#   The system is out of physical RAM or swap space
#   The process is running with CompressedOops enabled, and the Java Heap may be blocking the growth of the native heap
# Possible solutions:
#   Reduce memory load on the system
#   Increase physical memory or swap space
#   Check if swap backing store is full
#   Decrease Java heap size (-Xmx/-Xms)
#   Decrease number of Java threads
#   Decrease Java thread stack sizes (-Xss)
#   Set larger code cache with -XX:ReservedCodeCacheSize=
#   JVM is running with Unscaled Compressed Oops mode in which the Java heap is
#     placed in the first 4GB address space. The Java Heap base address is the
#     maximum limit for the native heap growth. Please use -XX:HeapBaseMinAddress
#     to set the Java Heap base and to place the Java Heap above 4GB virtual address.
# This output file may be truncated or incomplete.
#
#  Out of Memory Error (src/hotspot/share/memory/arena.cpp:197), pid=19100, tid=4448
#
# JRE version: OpenJDK Runtime Environment (11.0.15) (build 11.0.15+0-b2043.56-9505619)
# Java VM: OpenJDK 64-Bit Server VM (11.0.15+0-b2043.56-9505619, mixed mode, tiered, compressed oops, g1 gc, windows-amd64)
# No core dump will be written. Minidumps are not enabled by default on client versions of Windows
#

---------------  S U M M A R Y ------------

Command Line: --add-opens=java.base/java.util=ALL-UNNAMED --add-opens=java.base/java.lang=ALL-UNNAMED --add-opens=java.base/java.lang.invoke=ALL-UNNAMED --add-opens=java.base/java.util=ALL-UNNAMED --add-opens=java.prefs/java.util.prefs=ALL-UNNAMED --add-opens=java.prefs/java.util.prefs=ALL-UNNAMED --add-opens=java.base/java.nio.charset=ALL-UNNAMED --add-opens=java.base/java.net=ALL-UNNAMED --add-opens=java.base/java.util.concurrent.atomic=ALL-UNNAMED -Xmx2048m -Dfile.encoding=UTF-8 -Duser.country=RU -Duser.language=ru -Duser.variant org.gradle.launcher.daemon.bootstrap.GradleDaemon 7.5

Host: Intel(R) Core(TM) i3-7020U CPU @ 2.30GHz, 4 cores, 11G,  Windows 10 , 64 bit Build 19041 (10.0.19041.2546)
Time: Fri Apr 14 23:35:31 2023 RTZ 4 (s 10 , 64 bit Build 19041 (10.0.19041.2546) elapsed time: 46.481489 seconds (0d 0h 0m 46s)

---------------  T H R E A D  ---------------

Current thread (0x0000018a4ec21000):  JavaThread "C2 CompilerThread0" daemon [_thread_in_native, id=4448, stack(0x0000006b4b300000,0x0000006b4b400000)]


Current CompileTask:
C2:  46481 9351   !   4       org.gradle.api.internal.attributes.DefaultImmutableAttributesFactory::doConcatIsolatable (128 bytes)

Stack: [0x0000006b4b300000,0x0000006b4b400000]
Native frames: (J=compiled Java code, j=interpreted, Vv=VM code, C=native code)
V  [jvm.dll+0x64135a]
V  [jvm.dll+0x7d39f9]
V  [jvm.dll+0x7d51b9]
V  [jvm.dll+0x7d58a3]
V  [jvm.dll+0x2691c5]
V  [jvm.dll+0xc1a5c]
V  [jvm.dll+0xc200c]
V  [jvm.dll+0x377462]
V  [jvm.dll+0x1b3732]
V  [jvm.dll+0x22163e]
V  [jvm.dll+0x220498]
V  [jvm.dll+0x19e851]
V  [jvm.dll+0x230479]
V  [jvm.dll+0x22e5ef]
V  [jvm.dll+0x794de1]
V  [jvm.dll+0x78dc24]
V  [jvm.dll+0x6400f6]
C  [ucrtbase.dll+0x21bb2]
C  [KERNEL32.DLL+0x17614]
C  [ntdll.dll+0x526a1]


---------------  P R O C E S S  ---------------

Threads class SMR info:
_java_thread_list=0x0000018a56490020, length=84, elements={
0x0000018a34760800, 0x0000018a4e39f800, 0x0000018a4e3a3000, 0x0000018a4ec1b000,
0x0000018a4ec1c000, 0x0000018a4ec1f000, 0x0000018a4ec21000, 0x0000018a4ec22000,
0x0000018a4ec8a000, 0x0000018a4ed79000, 0x0000018a50575800, 0x0000018a50574800,
0x0000018a5063c800, 0x0000018a510f7800, 0x0000018a501b6800, 0x0000018a50706800,
0x0000018a503a8800, 0x0000018a5046a800, 0x0000018a4ff4a800, 0x0000018a51281000,
0x0000018a518d2800, 0x0000018a518d1000, 0x0000018a518d2000, 0x0000018a518d0000,
0x0000018a4f998800, 0x0000018a4f997800, 0x0000018a4f993800, 0x0000018a4f999800,
0x0000018a4f995000, 0x0000018a4f99a000, 0x0000018a4f994800, 0x0000018a4f99b000,
0x0000018a4f99c000, 0x0000018a4f997000, 0x0000018a4f9a1800, 0x0000018a4f99d800,
0x0000018a4f9a0000, 0x0000018a4f99e000, 0x0000018a4f99f000, 0x0000018a4f9a2800,
0x0000018a4f9a0800, 0x0000018a542e1000, 0x0000018a542dc000, 0x0000018a542e0000,
0x0000018a542e1800, 0x0000018a542e2800, 0x0000018a542dc800, 0x0000018a542e3800,
0x0000018a542dd800, 0x0000018a542e4000, 0x0000018a542de800, 0x0000018a542e5000,
0x0000018a542df000, 0x0000018a542e8000, 0x0000018a542e5800, 0x0000018a542e9000,
0x0000018a542ea000, 0x0000018a542e6800, 0x0000018a542e7800, 0x0000018a542ea800,
0x0000018a4f949800, 0x0000018a4f94a800, 0x0000018a4f946800, 0x0000018a4f94b000,
0x0000018a4f948000, 0x0000018a4f947000, 0x0000018a4f945800, 0x0000018a4f94c000,
0x0000018a4f94d000, 0x0000018a4f94d800, 0x0000018a4f94e800, 0x0000018a4f948800,
0x0000018a4f950000, 0x0000018a4f951800, 0x0000018a4f951000, 0x0000018a4f94f000,
0x0000018a4f952800, 0x0000018a4f953800, 0x0000018a4f954000, 0x0000018a54777000,
0x0000018a54776800, 0x0000018a54778000, 0x0000018a5477a800, 0x0000018a5477d800
}

Java Threads: ( => current thread )
  0x0000018a34760800 JavaThread "main" [_thread_blocked, id=9808, stack(0x0000006b4a600000,0x0000006b4a700000)]
  0x0000018a4e39f800 JavaThread "Reference Handler" daemon [_thread_blocked, id=2612, stack(0x0000006b4ae00000,0x0000006b4af00000)]
  0x0000018a4e3a3000 JavaThread "Finalizer" daemon [_thread_blocked, id=18940, stack(0x0000006b4af00000,0x0000006b4b000000)]
  0x0000018a4ec1b000 JavaThread "Signal Dispatcher" daemon [_thread_blocked, id=5148, stack(0x0000006b4b000000,0x0000006b4b100000)]
  0x0000018a4ec1c000 JavaThread "Attach Listener" daemon [_thread_blocked, id=10660, stack(0x0000006b4b100000,0x0000006b4b200000)]
  0x0000018a4ec1f000 JavaThread "Service Thread" daemon [_thread_blocked, id=2280, stack(0x0000006b4b200000,0x0000006b4b300000)]
=>0x0000018a4ec21000 JavaThread "C2 CompilerThread0" daemon [_thread_in_native, id=4448, stack(0x0000006b4b300000,0x0000006b4b400000)]
  0x0000018a4ec22000 JavaThread "C1 CompilerThread0" daemon [_thread_in_vm, id=15856, stack(0x0000006b4b400000,0x0000006b4b500000)]
  0x0000018a4ec8a000 JavaThread "Sweeper thread" daemon [_thread_blocked, id=4940, stack(0x0000006b4b500000,0x0000006b4b600000)]
  0x0000018a4ed79000 JavaThread "Common-Cleaner" daemon [_thread_blocked, id=10692, stack(0x0000006b4b600000,0x0000006b4b700000)]
  0x0000018a50575800 JavaThread "Daemon health stats" [_thread_blocked, id=12900, stack(0x0000006b4bc00000,0x0000006b4bd00000)]
  0x0000018a50574800 JavaThread "Incoming local TCP Connector on port 50509" [_thread_in_native, id=10004, stack(0x0000006b4bb00000,0x0000006b4bc00000)]
  0x0000018a5063c800 JavaThread "Daemon periodic checks" [_thread_blocked, id=19240, stack(0x0000006b4bd00000,0x0000006b4be00000)]
  0x0000018a510f7800 JavaThread "Daemon" [_thread_blocked, id=18104, stack(0x0000006b4be00000,0x0000006b4bf00000)]
  0x0000018a501b6800 JavaThread "Handler for socket connection from /127.0.0.1:50509 to /127.0.0.1:50510" [_thread_in_native, id=7772, stack(0x0000006b4bf00000,0x0000006b4c000000)]
  0x0000018a50706800 JavaThread "Cancel handler" [_thread_blocked, id=19144, stack(0x0000006b4c000000,0x0000006b4c100000)]
  0x0000018a503a8800 JavaThread "Daemon worker" [_thread_blocked, id=9360, stack(0x0000006b4c100000,0x0000006b4c200000)]
  0x0000018a5046a800 JavaThread "Asynchronous log dispatcher for DefaultDaemonConnection: socket connection from /127.0.0.1:50509 to /127.0.0.1:50510" [_thread_blocked, id=2856, stack(0x0000006b4c200000,0x0000006b4c300000)]
  0x0000018a4ff4a800 JavaThread "Stdin handler" [_thread_blocked, id=13308, stack(0x0000006b4c300000,0x0000006b4c400000)]
  0x0000018a51281000 JavaThread "Daemon client event forwarder" [_thread_blocked, id=10632, stack(0x0000006b4c400000,0x0000006b4c500000)]
  0x0000018a518d2800 JavaThread "Cache worker for journal cache (C:\Users\User\.gradle\caches\journal-1)" [_thread_blocked, id=18728, stack(0x0000006b4c500000,0x0000006b4c600000)]
  0x0000018a518d1000 JavaThread "File lock request listener" [_thread_in_native, id=13504, stack(0x0000006b4c600000,0x0000006b4c700000)]
  0x0000018a518d2000 JavaThread "Cache worker for file hash cache (C:\Users\User\.gradle\caches\7.5\fileHashes)" [_thread_blocked, id=5016, stack(0x0000006b4c700000,0x0000006b4c800000)]
  0x0000018a518d0000 JavaThread "File watcher server" daemon [_thread_in_native, id=12848, stack(0x0000006b4c800000,0x0000006b4c900000)]
  0x0000018a4f998800 JavaThread "File watcher consumer" daemon [_thread_blocked, id=18284, stack(0x0000006b4c900000,0x0000006b4ca00000)]
  0x0000018a4f997800 JavaThread "Cache worker for checksums cache (C:\Users\User\AndroidStudioProjects\EnglishForPupils\.gradle\7.5\checksums)" [_thread_blocked, id=5204, stack(0x0000006b4ca00000,0x0000006b4cb00000)]
  0x0000018a4f993800 JavaThread "Cache worker for cache directory md-rule (C:\Users\User\.gradle\caches\7.5\md-rule)" [_thread_blocked, id=12460, stack(0x0000006b4cb00000,0x0000006b4cc00000)]
  0x0000018a4f999800 JavaThread "Cache worker for file content cache (C:\Users\User\.gradle\caches\7.5\fileContent)" [_thread_blocked, id=4424, stack(0x0000006b4cc00000,0x0000006b4cd00000)]
  0x0000018a4f995000 JavaThread "Cache worker for file hash cache (C:\Users\User\AndroidStudioProjects\EnglishForPupils\.gradle\7.5\fileHashes)" [_thread_blocked, id=8316, stack(0x0000006b4cd00000,0x0000006b4ce00000)]
  0x0000018a4f99a000 JavaThread "Cache worker for cache directory md-supplier (C:\Users\User\.gradle\caches\7.5\md-supplier)" [_thread_blocked, id=14752, stack(0x0000006b4ce00000,0x0000006b4cf00000)]
  0x0000018a4f994800 JavaThread "Cache worker for execution history cache (C:\Users\User\.gradle\caches\7.5\executionHistory)" [_thread_blocked, id=2728, stack(0x0000006b4cf00000,0x0000006b4d000000)]
  0x0000018a4f99b000 JavaThread "jar transforms" [_thread_blocked, id=3220, stack(0x0000006b4d000000,0x0000006b4d100000)]
  0x0000018a4f99c000 JavaThread "jar transforms Thread 2" [_thread_blocked, id=13040, stack(0x0000006b4d100000,0x0000006b4d200000)]
  0x0000018a4f997000 JavaThread "jar transforms Thread 3" [_thread_blocked, id=9136, stack(0x0000006b4d300000,0x0000006b4d400000)]
  0x0000018a4f9a1800 JavaThread "jar transforms Thread 4" [_thread_blocked, id=9756, stack(0x0000006b4d400000,0x0000006b4d500000)]
  0x0000018a4f99d800 JavaThread "Cache worker for dependencies-accessors (C:\Users\User\AndroidStudioProjects\EnglishForPupils\.gradle\7.5\dependencies-accessors)" [_thread_blocked, id=16252, stack(0x0000006b4d500000,0x0000006b4d600000)]
  0x0000018a4f9a0000 JavaThread "Cache worker for Build Output Cleanup Cache (C:\Users\User\AndroidStudioProjects\EnglishForPupils\.gradle\buildOutputCleanup)" [_thread_blocked, id=15288, stack(0x0000006b4d600000,0x0000006b4d700000)]
  0x0000018a4f99e000 JavaThread "Unconstrained build operations" [_thread_blocked, id=16620, stack(0x0000006b4d200000,0x0000006b4d300000)]
  0x0000018a4f99f000 JavaThread "Unconstrained build operations Thread 2" [_thread_blocked, id=14492, stack(0x0000006b4d700000,0x0000006b4d800000)]
  0x0000018a4f9a2800 JavaThread "Unconstrained build operations Thread 3" [_thread_blocked, id=7984, stack(0x0000006b4d800000,0x0000006b4d900000)]
  0x0000018a4f9a0800 JavaThread "Unconstrained build operations Thread 4" [_thread_blocked, id=8200, stack(0x0000006b4d900000,0x0000006b4da00000)]
  0x0000018a542e1000 JavaThread "Unconstrained build operations Thread 5" [_thread_blocked, id=16112, stack(0x0000006b4da00000,0x0000006b4db00000)]
  0x0000018a542dc000 JavaThread "Unconstrained build operations Thread 6" [_thread_blocked, id=11396, stack(0x0000006b4db00000,0x0000006b4dc00000)]
  0x0000018a542e0000 JavaThread "Unconstrained build operations Thread 7" [_thread_blocked, id=17916, stack(0x0000006b4dc00000,0x0000006b4dd00000)]
  0x0000018a542e1800 JavaThread "Unconstrained build operations Thread 8" [_thread_blocked, id=1468, stack(0x0000006b4dd00000,0x0000006b4de00000)]
  0x0000018a542e2800 JavaThread "Unconstrained build operations Thread 9" [_thread_blocked, id=8760, stack(0x0000006b4de00000,0x0000006b4df00000)]
  0x0000018a542dc800 JavaThread "Unconstrained build operations Thread 10" [_thread_blocked, id=18004, stack(0x0000006b4df00000,0x0000006b4e000000)]
  0x0000018a542e3800 JavaThread "Unconstrained build operations Thread 11" [_thread_blocked, id=4084, stack(0x0000006b4e000000,0x0000006b4e100000)]
  0x0000018a542dd800 JavaThread "Unconstrained build operations Thread 12" [_thread_blocked, id=14476, stack(0x0000006b4e100000,0x0000006b4e200000)]
  0x0000018a542e4000 JavaThread "Unconstrained build operations Thread 13" [_thread_blocked, id=12664, stack(0x0000006b4e200000,0x0000006b4e300000)]
  0x0000018a542de800 JavaThread "Unconstrained build operations Thread 14" [_thread_blocked, id=9240, stack(0x0000006b4e300000,0x0000006b4e400000)]
  0x0000018a542e5000 JavaThread "Unconstrained build operations Thread 15" [_thread_blocked, id=8964, stack(0x0000006b4e400000,0x0000006b4e500000)]
  0x0000018a542df000 JavaThread "Unconstrained build operations Thread 16" [_thread_blocked, id=16416, stack(0x0000006b4e500000,0x0000006b4e600000)]
  0x0000018a542e8000 JavaThread "Unconstrained build operations Thread 17" [_thread_blocked, id=18228, stack(0x0000006b4e600000,0x0000006b4e700000)]
  0x0000018a542e5800 JavaThread "Unconstrained build operations Thread 18" [_thread_blocked, id=16512, stack(0x0000006b4e700000,0x0000006b4e800000)]
  0x0000018a542e9000 JavaThread "Unconstrained build operations Thread 19" [_thread_blocked, id=7920, stack(0x0000006b4e800000,0x0000006b4e900000)]
  0x0000018a542ea000 JavaThread "Unconstrained build operations Thread 20" [_thread_blocked, id=5232, stack(0x0000006b4e900000,0x0000006b4ea00000)]
  0x0000018a542e6800 JavaThread "Unconstrained build operations Thread 21" [_thread_blocked, id=8876, stack(0x0000006b4ea00000,0x0000006b4eb00000)]
  0x0000018a542e7800 JavaThread "Unconstrained build operations Thread 22" [_thread_blocked, id=19192, stack(0x0000006b4eb00000,0x0000006b4ec00000)]
  0x0000018a542ea800 JavaThread "Unconstrained build operations Thread 23" [_thread_blocked, id=16392, stack(0x0000006b4ec00000,0x0000006b4ed00000)]
  0x0000018a4f949800 JavaThread "Unconstrained build operations Thread 24" [_thread_blocked, id=15348, stack(0x0000006b4ed00000,0x0000006b4ee00000)]
  0x0000018a4f94a800 JavaThread "Unconstrained build operations Thread 25" [_thread_blocked, id=18564, stack(0x0000006b4ee00000,0x0000006b4ef00000)]
  0x0000018a4f946800 JavaThread "Unconstrained build operations Thread 26" [_thread_blocked, id=2908, stack(0x0000006b4ef00000,0x0000006b4f000000)]
  0x0000018a4f94b000 JavaThread "Unconstrained build operations Thread 27" [_thread_blocked, id=6596, stack(0x0000006b4f000000,0x0000006b4f100000)]
  0x0000018a4f948000 JavaThread "Unconstrained build operations Thread 28" [_thread_blocked, id=10476, stack(0x0000006b4f100000,0x0000006b4f200000)]
  0x0000018a4f947000 JavaThread "Unconstrained build operations Thread 29" [_thread_blocked, id=6120, stack(0x0000006b4f200000,0x0000006b4f300000)]
  0x0000018a4f945800 JavaThread "Unconstrained build operations Thread 30" [_thread_blocked, id=17444, stack(0x0000006b4f300000,0x0000006b4f400000)]
  0x0000018a4f94c000 JavaThread "Unconstrained build operations Thread 31" [_thread_blocked, id=16332, stack(0x0000006b4f400000,0x0000006b4f500000)]
  0x0000018a4f94d000 JavaThread "Unconstrained build operations Thread 32" [_thread_blocked, id=5444, stack(0x0000006b4f500000,0x0000006b4f600000)]
  0x0000018a4f94d800 JavaThread "Unconstrained build operations Thread 33" [_thread_blocked, id=17008, stack(0x0000006b4f600000,0x0000006b4f700000)]
  0x0000018a4f94e800 JavaThread "Unconstrained build operations Thread 34" [_thread_blocked, id=3940, stack(0x0000006b4f700000,0x0000006b4f800000)]
  0x0000018a4f948800 JavaThread "Unconstrained build operations Thread 35" [_thread_blocked, id=18928, stack(0x0000006b4f800000,0x0000006b4f900000)]
  0x0000018a4f950000 JavaThread "Unconstrained build operations Thread 36" [_thread_blocked, id=3060, stack(0x0000006b4f900000,0x0000006b4fa00000)]
  0x0000018a4f951800 JavaThread "Unconstrained build operations Thread 37" [_thread_blocked, id=18288, stack(0x0000006b4fa00000,0x0000006b4fb00000)]
  0x0000018a4f951000 JavaThread "Unconstrained build operations Thread 38" [_thread_blocked, id=13592, stack(0x0000006b4fb00000,0x0000006b4fc00000)]
  0x0000018a4f94f000 JavaThread "Unconstrained build operations Thread 39" [_thread_in_Java, id=10880, stack(0x0000006b4fc00000,0x0000006b4fd00000)]
  0x0000018a4f952800 JavaThread "Unconstrained build operations Thread 40" [_thread_in_Java, id=15860, stack(0x0000006b4fd00000,0x0000006b4fe00000)]
  0x0000018a4f953800 JavaThread "build event listener" [_thread_blocked, id=15456, stack(0x0000006b4fe00000,0x0000006b4ff00000)]
  0x0000018a4f954000 JavaThread "Memory manager" [_thread_blocked, id=16104, stack(0x0000006b4ff00000,0x0000006b50000000)]
  0x0000018a54777000 JavaThread "included builds" [_thread_in_native, id=15688, stack(0x0000006b50200000,0x0000006b50300000)]
  0x0000018a54776800 JavaThread "Execution worker" [_thread_blocked, id=3952, stack(0x0000006b50300000,0x0000006b50400000)]
  0x0000018a54778000 JavaThread "Execution worker Thread 2" [_thread_blocked, id=17440, stack(0x0000006b50400000,0x0000006b50500000)]
  0x0000018a5477a800 JavaThread "Execution worker Thread 3" [_thread_blocked, id=18836, stack(0x0000006b50500000,0x0000006b50600000)]
  0x0000018a5477d800 JavaThread "Cache worker for execution history cache (C:\Users\User\AndroidStudioProjects\EnglishForPupils\.gradle\7.5\executionHistory)" [_thread_blocked, id=7948, stack(0x0000006b50600000,0x0000006b50700000)]

Other Threads:
  0x0000018a4ebc8000 VMThread "VM Thread" [stack: 0x0000006b4ad00000,0x0000006b4ae00000] [id=5352]
  0x0000018a4ed88000 WatcherThread [stack: 0x0000006b4b700000,0x0000006b4b800000] [id=16528]
  0x0000018a3477b000 GCTaskThread "GC Thread#0" [stack: 0x0000006b4a800000,0x0000006b4a900000] [id=3872]
  0x0000018a4f630800 GCTaskThread "GC Thread#1" [stack: 0x0000006b4b800000,0x0000006b4b900000] [id=15184]
  0x0000018a4f11a000 GCTaskThread "GC Thread#2" [stack: 0x0000006b4b900000,0x0000006b4ba00000] [id=2496]
  0x0000018a4f680800 GCTaskThread "GC Thread#3" [stack: 0x0000006b4ba00000,0x0000006b4bb00000] [id=4728]
  0x0000018a347ac000 ConcurrentGCThread "G1 Main Marker" [stack: 0x0000006b4a900000,0x0000006b4aa00000] [id=16348]
  0x0000018a347ae800 ConcurrentGCThread "G1 Conc#0" [stack: 0x0000006b4aa00000,0x0000006b4ab00000] [id=19180]
  0x0000018a4e1f0800 ConcurrentGCThread "G1 Refine#0" [stack: 0x0000006b4ab00000,0x0000006b4ac00000] [id=18140]
  0x0000018a4e1f1000 ConcurrentGCThread "G1 Young RemSet Sampling" [stack: 0x0000006b4ac00000,0x0000006b4ad00000] [id=4340]

Threads with active compile tasks:
C2 CompilerThread0    46531 9351   !   4       org.gradle.api.internal.attributes.DefaultImmutableAttributesFactory::doConcatIsolatable (128 bytes)
C1 CompilerThread0    46531 9824       2       org.gradle.internal.vfs.impl.DefaultFileSystemAccess$$Lambda$305/0x000000010043b040::get (12 bytes)

VM state:at safepoint (normal execution)

VM Mutex/Monitor currently owned by a thread:  ([mutex/lock_event])
[0x0000018a3475b300] CodeCache_lock - owner thread: 0x0000000000000000

Heap address: 0x0000000080000000, size: 2048 MB, Compressed Oops mode: 32-bit
Narrow klass base: 0x0000000000000000, Narrow klass shift: 3
Compressed class space size: 1073741824 Address: 0x0000000100000000

Heap:
 garbage-first heap   total 196608K, used 114032K [0x0000000080000000, 0x0000000100000000)
  region size 1024K, 35 young (35840K), 8 survivors (8192K)
 Metaspace       used 88769K, capacity 91306K, committed 91600K, reserved 1128448K
  class space    used 11609K, capacity 12571K, committed 12620K, reserved 1048576K
Heap Regions: E=young(eden), S=young(survivor), O=old, HS=humongous(starts), HC=humongous(continues), CS=collection set, F=free, A=archive, TAMS=top-at-mark-start (previous, next)
|   0|0x0000000080000000, 0x0000000080100000, 0x0000000080100000|100%|HS|  |TAMS 0x0000000080100000, 0x0000000080000000| Complete 
|   1|0x0000000080100000, 0x0000000080200000, 0x0000000080200000|100%|HC|  |TAMS 0x0000000080200000, 0x0000000080100000| Complete 
|   2|0x0000000080200000, 0x0000000080300000, 0x0000000080300000|100%|HC|  |TAMS 0x0000000080300000, 0x0000000080200000| Complete 
|   3|0x0000000080300000, 0x0000000080400000, 0x0000000080400000|100%| O|  |TAMS 0x0000000080400000, 0x0000000080300000| Untracked 
|   4|0x0000000080400000, 0x0000000080500000, 0x0000000080500000|100%| O|  |TAMS 0x0000000080500000, 0x0000000080400000| Untracked 
|   5|0x0000000080500000, 0x0000000080600000, 0x0000000080600000|100%| O|  |TAMS 0x0000000080600000, 0x0000000080500000| Untracked 
|   6|0x0000000080600000, 0x0000000080700000, 0x0000000080700000|100%| O|  |TAMS 0x0000000080700000, 0x0000000080600000| Untracked 
|   7|0x0000000080700000, 0x0000000080800000, 0x0000000080800000|100%| O|  |TAMS 0x0000000080800000, 0x0000000080700000| Untracked 
|   8|0x0000000080800000, 0x0000000080900000, 0x0000000080900000|100%| O|  |TAMS 0x0000000080900000, 0x0000000080800000| Untracked 
|   9|0x0000000080900000, 0x0000000080a00000, 0x0000000080a00000|100%| O|  |TAMS 0x0000000080a00000, 0x0000000080900000| Untracked 
|  10|0x0000000080a00000, 0x0000000080b00000, 0x0000000080b00000|100%| O|  |TAMS 0x0000000080b00000, 0x0000000080a00000| Untracked 
|  11|0x0000000080b00000, 0x0000000080c00000, 0x0000000080c00000|100%| O|  |TAMS 0x0000000080c00000, 0x0000000080b00000| Untracked 
|  12|0x0000000080c00000, 0x0000000080d00000, 0x0000000080d00000|100%| O|  |TAMS 0x0000000080d00000, 0x0000000080c00000| Untracked 
|  13|0x0000000080d00000, 0x0000000080e00000, 0x0000000080e00000|100%| O|  |TAMS 0x0000000080e00000, 0x0000000080d00000| Untracked 
|  14|0x0000000080e00000, 0x0000000080f00000, 0x0000000080f00000|100%| O|  |TAMS 0x0000000080f00000, 0x0000000080e00000| Untracked 
|  15|0x0000000080f00000, 0x0000000081000000, 0x0000000081000000|100%| O|  |TAMS 0x0000000081000000, 0x0000000080f00000| Untracked 
|  16|0x0000000081000000, 0x0000000081100000, 0x0000000081100000|100%| O|  |TAMS 0x0000000081100000, 0x0000000081000000| Untracked 
|  17|0x0000000081100000, 0x0000000081200000, 0x0000000081200000|100%|HS|  |TAMS 0x0000000081200000, 0x0000000081100000| Complete 
|  18|0x0000000081200000, 0x0000000081300000, 0x0000000081300000|100%| O|  |TAMS 0x0000000081300000, 0x0000000081200000| Untracked 
|  19|0x0000000081300000, 0x0000000081400000, 0x0000000081400000|100%| O|  |TAMS 0x0000000081400000, 0x0000000081300000| Untracked 
|  20|0x0000000081400000, 0x0000000081500000, 0x0000000081500000|100%| O|  |TAMS 0x0000000081500000, 0x0000000081400000| Untracked 
|  21|0x0000000081500000, 0x0000000081600000, 0x0000000081600000|100%| O|  |TAMS 0x0000000081600000, 0x0000000081500000| Untracked 
|  22|0x0000000081600000, 0x0000000081700000, 0x0000000081700000|100%| O|  |TAMS 0x0000000081700000, 0x0000000081600000| Untracked 
|  23|0x0000000081700000, 0x0000000081800000, 0x0000000081800000|100%| O|  |TAMS 0x0000000081800000, 0x0000000081700000| Untracked 
|  24|0x0000000081800000, 0x0000000081900000, 0x0000000081900000|100%|HS|  |TAMS 0x0000000081900000, 0x0000000081800000| Complete 
|  25|0x0000000081900000, 0x0000000081a00000, 0x0000000081a00000|100%|HS|  |TAMS 0x0000000081a00000, 0x0000000081900000| Complete 
|  26|0x0000000081a00000, 0x0000000081b00000, 0x0000000081b00000|100%|HC|  |TAMS 0x0000000081b00000, 0x0000000081a00000| Complete 
|  27|0x0000000081b00000, 0x0000000081c00000, 0x0000000081c00000|100%|HS|  |TAMS 0x0000000081c00000, 0x0000000081b00000| Complete 
|  28|0x0000000081c00000, 0x0000000081d00000, 0x0000000081d00000|100%|HC|  |TAMS 0x0000000081d00000, 0x0000000081c00000| Complete 
|  29|0x0000000081d00000, 0x0000000081e00000, 0x0000000081e00000|100%|HC|  |TAMS 0x0000000081e00000, 0x0000000081d00000| Complete 
|  30|0x0000000081e00000, 0x0000000081f00000, 0x0000000081f00000|100%|HC|  |TAMS 0x0000000081f00000, 0x0000000081e00000| Complete 
|  31|0x0000000081f00000, 0x0000000082000000, 0x0000000082000000|100%| O|  |TAMS 0x0000000082000000, 0x0000000081f00000| Untracked 
|  32|0x0000000082000000, 0x0000000082100000, 0x0000000082100000|100%| O|  |TAMS 0x0000000082100000, 0x0000000082000000| Untracked 
|  33|0x0000000082100000, 0x0000000082200000, 0x0000000082200000|100%| O|  |TAMS 0x0000000082200000, 0x0000000082100000| Untracked 
|  34|0x0000000082200000, 0x0000000082300000, 0x0000000082300000|100%| O|  |TAMS 0x0000000082300000, 0x0000000082200000| Untracked 
|  35|0x0000000082300000, 0x0000000082400000, 0x0000000082400000|100%| O|  |TAMS 0x0000000082400000, 0x0000000082300000| Untracked 
|  36|0x0000000082400000, 0x0000000082500000, 0x0000000082500000|100%| O|  |TAMS 0x0000000082500000, 0x0000000082400000| Untracked 
|  37|0x0000000082500000, 0x0000000082600000, 0x0000000082600000|100%| O|  |TAMS 0x0000000082600000, 0x0000000082500000| Untracked 
|  38|0x0000000082600000, 0x0000000082700000, 0x0000000082700000|100%| O|  |TAMS 0x0000000082700000, 0x0000000082600000| Untracked 
|  39|0x0000000082700000, 0x0000000082800000, 0x0000000082800000|100%| O|  |TAMS 0x0000000082800000, 0x0000000082700000| Untracked 
|  40|0x0000000082800000, 0x0000000082900000, 0x0000000082900000|100%| O|  |TAMS 0x0000000082900000, 0x0000000082800000| Untracked 
|  41|0x0000000082900000, 0x0000000082a00000, 0x0000000082a00000|100%| O|  |TAMS 0x0000000082a00000, 0x0000000082900000| Untracked 
|  42|0x0000000082a00000, 0x0000000082b00000, 0x0000000082b00000|100%| O|  |TAMS 0x0000000082b00000, 0x0000000082a00000| Untracked 
|  43|0x0000000082b00000, 0x0000000082c00000, 0x0000000082c00000|100%| O|  |TAMS 0x0000000082c00000, 0x0000000082b00000| Untracked 
|  44|0x0000000082c00000, 0x0000000082d00000, 0x0000000082d00000|100%| O|  |TAMS 0x0000000082d00000, 0x0000000082c00000| Untracked 
|  45|0x0000000082d00000, 0x0000000082e00000, 0x0000000082e00000|100%| O|  |TAMS 0x0000000082e00000, 0x0000000082d00000| Untracked 
|  46|0x0000000082e00000, 0x0000000082f00000, 0x0000000082f00000|100%| O|  |TAMS 0x0000000082f00000, 0x0000000082e00000| Untracked 
|  47|0x0000000082f00000, 0x0000000083000000, 0x0000000083000000|100%| O|  |TAMS 0x0000000083000000, 0x0000000082f00000| Untracked 
|  48|0x0000000083000000, 0x0000000083100000, 0x0000000083100000|100%| O|  |TAMS 0x0000000083100000, 0x0000000083000000| Untracked 
|  49|0x0000000083100000, 0x0000000083200000, 0x0000000083200000|100%| O|  |TAMS 0x0000000083200000, 0x0000000083100000| Untracked 
|  50|0x0000000083200000, 0x0000000083300000, 0x0000000083300000|100%| O|  |TAMS 0x0000000083244400, 0x0000000083200000| Untracked 
|  51|0x0000000083300000, 0x0000000083400000, 0x0000000083400000|100%| O|  |TAMS 0x0000000083300000, 0x0000000083300000| Untracked 
|  52|0x0000000083400000, 0x0000000083500000, 0x0000000083500000|100%| O|  |TAMS 0x0000000083400000, 0x0000000083400000| Untracked 
|  53|0x0000000083500000, 0x0000000083600000, 0x0000000083600000|100%| O|  |TAMS 0x0000000083500000, 0x0000000083500000| Untracked 
|  54|0x0000000083600000, 0x0000000083700000, 0x0000000083700000|100%| O|  |TAMS 0x0000000083600000, 0x0000000083600000| Untracked 
|  55|0x0000000083700000, 0x0000000083800000, 0x0000000083800000|100%| O|  |TAMS 0x0000000083700000, 0x0000000083700000| Untracked 
|  56|0x0000000083800000, 0x0000000083900000, 0x0000000083900000|100%| O|  |TAMS 0x0000000083800000, 0x0000000083800000| Untracked 
|  57|0x0000000083900000, 0x0000000083a00000, 0x0000000083a00000|100%| O|  |TAMS 0x0000000083900000, 0x0000000083900000| Untracked 
|  58|0x0000000083a00000, 0x0000000083b00000, 0x0000000083b00000|100%| O|  |TAMS 0x0000000083a00000, 0x0000000083a00000| Untracked 
|  59|0x0000000083b00000, 0x0000000083c00000, 0x0000000083c00000|100%| O|  |TAMS 0x0000000083b00000, 0x0000000083b00000| Untracked 
|  60|0x0000000083c00000, 0x0000000083d00000, 0x0000000083d00000|100%| O|  |TAMS 0x0000000083c00000, 0x0000000083c00000| Untracked 
|  61|0x0000000083d00000, 0x0000000083e00000, 0x0000000083e00000|100%| O|  |TAMS 0x0000000083d00000, 0x0000000083d00000| Untracked 
|  62|0x0000000083e00000, 0x0000000083f00000, 0x0000000083f00000|100%| O|  |TAMS 0x0000000083e00000, 0x0000000083e00000| Untracked 
|  63|0x0000000083f00000, 0x0000000084000000, 0x0000000084000000|100%| O|  |TAMS 0x0000000083f00000, 0x0000000083f00000| Untracked 
|  64|0x0000000084000000, 0x0000000084100000, 0x0000000084100000|100%| O|  |TAMS 0x0000000084000000, 0x0000000084000000| Untracked 
|  65|0x0000000084100000, 0x0000000084200000, 0x0000000084200000|100%| O|  |TAMS 0x0000000084100000, 0x0000000084100000| Untracked 
|  66|0x0000000084200000, 0x0000000084300000, 0x0000000084300000|100%| O|  |TAMS 0x0000000084200000, 0x0000000084200000| Untracked 
|  67|0x0000000084300000, 0x0000000084400000, 0x0000000084400000|100%| O|  |TAMS 0x0000000084300000, 0x0000000084300000| Untracked 
|  68|0x0000000084400000, 0x0000000084500000, 0x0000000084500000|100%| O|  |TAMS 0x0000000084400000, 0x0000000084400000| Untracked 
|  69|0x0000000084500000, 0x0000000084600000, 0x0000000084600000|100%| O|  |TAMS 0x0000000084500000, 0x0000000084500000| Untracked 
|  70|0x0000000084600000, 0x0000000084700000, 0x0000000084700000|100%| O|  |TAMS 0x0000000084600000, 0x0000000084600000| Untracked 
|  71|0x0000000084700000, 0x0000000084800000, 0x0000000084800000|100%| O|  |TAMS 0x0000000084700000, 0x0000000084700000| Untracked 
|  72|0x0000000084800000, 0x0000000084900000, 0x0000000084900000|100%| O|  |TAMS 0x0000000084800000, 0x0000000084800000| Untracked 
|  73|0x0000000084900000, 0x0000000084a00000, 0x0000000084a00000|100%| O|  |TAMS 0x0000000084900000, 0x0000000084900000| Untracked 
|  74|0x0000000084a00000, 0x0000000084b00000, 0x0000000084b00000|100%| O|  |TAMS 0x0000000084a00000, 0x0000000084a00000| Untracked 
|  75|0x0000000084b00000, 0x0000000084c00000, 0x0000000084c00000|100%| O|  |TAMS 0x0000000084b00000, 0x0000000084b00000| Untracked 
|  76|0x0000000084c00000, 0x0000000084d00000, 0x0000000084d00000|100%| O|  |TAMS 0x0000000084c00000, 0x0000000084c00000| Untracked 
|  77|0x0000000084d00000, 0x0000000084d5c000, 0x0000000084e00000| 35%| O|  |TAMS 0x0000000084d00000, 0x0000000084d00000| Untracked 
|  78|0x0000000084e00000, 0x0000000084e00000, 0x0000000084f00000|  0%| F|  |TAMS 0x0000000084e00000, 0x0000000084e00000| Untracked 
|  79|0x0000000084f00000, 0x0000000084f00000, 0x0000000085000000|  0%| F|  |TAMS 0x0000000084f00000, 0x0000000084f00000| Untracked 
|  80|0x0000000085000000, 0x0000000085000000, 0x0000000085100000|  0%| F|  |TAMS 0x0000000085000000, 0x0000000085000000| Untracked 
|  81|0x0000000085100000, 0x0000000085100000, 0x0000000085200000|  0%| F|  |TAMS 0x0000000085100000, 0x0000000085100000| Untracked 
|  82|0x0000000085200000, 0x0000000085200000, 0x0000000085300000|  0%| F|  |TAMS 0x0000000085200000, 0x0000000085200000| Untracked 
|  83|0x0000000085300000, 0x0000000085300000, 0x0000000085400000|  0%| F|  |TAMS 0x0000000085300000, 0x0000000085300000| Untracked 
|  84|0x0000000085400000, 0x0000000085400000, 0x0000000085500000|  0%| F|  |TAMS 0x0000000085400000, 0x0000000085400000| Untracked 
|  85|0x0000000085500000, 0x0000000085500000, 0x0000000085600000|  0%| F|  |TAMS 0x0000000085500000, 0x0000000085500000| Untracked 
|  86|0x0000000085600000, 0x0000000085600000, 0x0000000085700000|  0%| F|  |TAMS 0x0000000085600000, 0x0000000085600000| Untracked 
|  87|0x0000000085700000, 0x0000000085700000, 0x0000000085800000|  0%| F|  |TAMS 0x0000000085700000, 0x0000000085700000| Untracked 
|  88|0x0000000085800000, 0x0000000085800000, 0x0000000085900000|  0%| F|  |TAMS 0x0000000085800000, 0x0000000085800000| Untracked 
|  89|0x0000000085900000, 0x0000000085900000, 0x0000000085a00000|  0%| F|  |TAMS 0x0000000085900000, 0x0000000085900000| Untracked 
|  90|0x0000000085a00000, 0x0000000085a00000, 0x0000000085b00000|  0%| F|  |TAMS 0x0000000085a00000, 0x0000000085a00000| Untracked 
|  91|0x0000000085b00000, 0x0000000085b00000, 0x0000000085c00000|  0%| F|  |TAMS 0x0000000085b00000, 0x0000000085b00000| Untracked 
|  92|0x0000000085c00000, 0x0000000085c00000, 0x0000000085d00000|  0%| F|  |TAMS 0x0000000085c00000, 0x0000000085c00000| Untracked 
|  93|0x0000000085d00000, 0x0000000085d00000, 0x0000000085e00000|  0%| F|  |TAMS 0x0000000085d00000, 0x0000000085d00000| Untracked 
|  94|0x0000000085e00000, 0x0000000085e00000, 0x0000000085f00000|  0%| F|  |TAMS 0x0000000085e00000, 0x0000000085e00000| Untracked 
|  95|0x0000000085f00000, 0x0000000085f00000, 0x0000000086000000|  0%| F|  |TAMS 0x0000000085f00000, 0x0000000085f00000| Untracked 
|  96|0x0000000086000000, 0x0000000086000000, 0x0000000086100000|  0%| F|  |TAMS 0x0000000086000000, 0x0000000086000000| Untracked 
|  97|0x0000000086100000, 0x0000000086100000, 0x0000000086200000|  0%| F|  |TAMS 0x0000000086100000, 0x0000000086100000| Untracked 
|  98|0x0000000086200000, 0x0000000086200000, 0x0000000086300000|  0%| F|  |TAMS 0x0000000086200000, 0x0000000086200000| Untracked 
|  99|0x0000000086300000, 0x0000000086300000, 0x0000000086400000|  0%| F|  |TAMS 0x0000000086300000, 0x0000000086300000| Untracked 
| 100|0x0000000086400000, 0x0000000086400000, 0x0000000086500000|  0%| F|  |TAMS 0x0000000086400000, 0x0000000086400000| Untracked 
| 101|0x0000000086500000, 0x0000000086500000, 0x0000000086600000|  0%| F|  |TAMS 0x0000000086500000, 0x0000000086500000| Untracked 
| 102|0x0000000086600000, 0x0000000086600000, 0x0000000086700000|  0%| F|  |TAMS 0x0000000086600000, 0x0000000086600000| Untracked 
| 103|0x0000000086700000, 0x0000000086700000, 0x0000000086800000|  0%| F|  |TAMS 0x0000000086700000, 0x0000000086700000| Untracked 
| 104|0x0000000086800000, 0x0000000086800000, 0x0000000086900000|  0%| F|  |TAMS 0x0000000086800000, 0x0000000086800000| Untracked 
| 105|0x0000000086900000, 0x0000000086900000, 0x0000000086a00000|  0%| F|  |TAMS 0x0000000086900000, 0x0000000086900000| Untracked 
| 106|0x0000000086a00000, 0x0000000086a00000, 0x0000000086b00000|  0%| F|  |TAMS 0x0000000086a00000, 0x0000000086a00000| Untracked 
| 107|0x0000000086b00000, 0x0000000086b00000, 0x0000000086c00000|  0%| F|  |TAMS 0x0000000086b00000, 0x0000000086b00000| Untracked 
| 108|0x0000000086c00000, 0x0000000086c00000, 0x0000000086d00000|  0%| F|  |TAMS 0x0000000086c00000, 0x0000000086c00000| Untracked 
| 109|0x0000000086d00000, 0x0000000086d00000, 0x0000000086e00000|  0%| F|  |TAMS 0x0000000086d00000, 0x0000000086d00000| Untracked 
| 110|0x0000000086e00000, 0x0000000086f00000, 0x0000000086f00000|100%| S|CS|TAMS 0x0000000086e00000, 0x0000000086e00000| Complete 
| 111|0x0000000086f00000, 0x0000000086f00000, 0x0000000087000000|  0%| F|  |TAMS 0x0000000086f00000, 0x0000000086f00000| Untracked 
| 112|0x0000000087000000, 0x0000000087000000, 0x0000000087100000|  0%| F|  |TAMS 0x0000000087000000, 0x0000000087000000| Untracked 
| 113|0x0000000087100000, 0x0000000087100000, 0x0000000087200000|  0%| F|  |TAMS 0x0000000087100000, 0x0000000087100000| Untracked 
| 114|0x0000000087200000, 0x0000000087200000, 0x0000000087300000|  0%| F|  |TAMS 0x0000000087200000, 0x0000000087200000| Untracked 
| 115|0x0000000087300000, 0x0000000087300000, 0x0000000087400000|  0%| F|  |TAMS 0x0000000087300000, 0x0000000087300000| Untracked 
| 116|0x0000000087400000, 0x0000000087400000, 0x0000000087500000|  0%| F|  |TAMS 0x0000000087400000, 0x0000000087400000| Untracked 
| 117|0x0000000087500000, 0x0000000087600000, 0x0000000087600000|100%| S|CS|TAMS 0x0000000087500000, 0x0000000087500000| Complete 
| 118|0x0000000087600000, 0x0000000087700000, 0x0000000087700000|100%| S|CS|TAMS 0x0000000087600000, 0x0000000087600000| Complete 
| 119|0x0000000087700000, 0x0000000087800000, 0x0000000087800000|100%| S|CS|TAMS 0x0000000087700000, 0x0000000087700000| Complete 
| 120|0x0000000087800000, 0x0000000087900000, 0x0000000087900000|100%| S|CS|TAMS 0x0000000087800000, 0x0000000087800000| Complete 
| 121|0x0000000087900000, 0x0000000087a00000, 0x0000000087a00000|100%| S|CS|TAMS 0x0000000087900000, 0x0000000087900000| Complete 
| 122|0x0000000087a00000, 0x0000000087a00000, 0x0000000087b00000|  0%| F|  |TAMS 0x0000000087a00000, 0x0000000087a00000| Untracked 
| 123|0x0000000087b00000, 0x0000000087c00000, 0x0000000087c00000|100%| S|CS|TAMS 0x0000000087b00000, 0x0000000087b00000| Complete 
| 124|0x0000000087c00000, 0x0000000087d00000, 0x0000000087d00000|100%| S|CS|TAMS 0x0000000087c00000, 0x0000000087c00000| Complete 
| 125|0x0000000087d00000, 0x0000000087d00000, 0x0000000087e00000|  0%| F|  |TAMS 0x0000000087d00000, 0x0000000087d00000| Untracked 
| 126|0x0000000087e00000, 0x0000000087e00000, 0x0000000087f00000|  0%| F|  |TAMS 0x0000000087e00000, 0x0000000087e00000| Untracked 
| 127|0x0000000087f00000, 0x0000000087f00000, 0x0000000088000000|  0%| F|  |TAMS 0x0000000087f00000, 0x0000000087f00000| Untracked 
| 128|0x0000000088000000, 0x0000000088000000, 0x0000000088100000|  0%| F|  |TAMS 0x0000000088000000, 0x0000000088000000| Untracked 
| 129|0x0000000088100000, 0x0000000088100000, 0x0000000088200000|  0%| F|  |TAMS 0x0000000088100000, 0x0000000088100000| Untracked 
| 130|0x0000000088200000, 0x0000000088200000, 0x0000000088300000|  0%| F|  |TAMS 0x0000000088200000, 0x0000000088200000| Untracked 
| 131|0x0000000088300000, 0x0000000088300000, 0x0000000088400000|  0%| F|  |TAMS 0x0000000088300000, 0x0000000088300000| Untracked 
| 132|0x0000000088400000, 0x0000000088400000, 0x0000000088500000|  0%| F|  |TAMS 0x0000000088400000, 0x0000000088400000| Untracked 
| 133|0x0000000088500000, 0x0000000088500000, 0x0000000088600000|  0%| F|  |TAMS 0x0000000088500000, 0x0000000088500000| Untracked 
| 134|0x0000000088600000, 0x0000000088600000, 0x0000000088700000|  0%| F|  |TAMS 0x0000000088600000, 0x0000000088600000| Untracked 
| 135|0x0000000088700000, 0x0000000088700000, 0x0000000088800000|  0%| F|  |TAMS 0x0000000088700000, 0x0000000088700000| Untracked 
| 136|0x0000000088800000, 0x0000000088800000, 0x0000000088900000|  0%| F|  |TAMS 0x0000000088800000, 0x0000000088800000| Untracked 
| 137|0x0000000088900000, 0x0000000088900000, 0x0000000088a00000|  0%| F|  |TAMS 0x0000000088900000, 0x0000000088900000| Untracked 
| 138|0x0000000088a00000, 0x0000000088a00000, 0x0000000088b00000|  0%| F|  |TAMS 0x0000000088a00000, 0x0000000088a00000| Untracked 
| 139|0x0000000088b00000, 0x0000000088b00000, 0x0000000088c00000|  0%| F|  |TAMS 0x0000000088b00000, 0x0000000088b00000| Untracked 
| 140|0x0000000088c00000, 0x0000000088c00000, 0x0000000088d00000|  0%| F|  |TAMS 0x0000000088c00000, 0x0000000088c00000| Untracked 
| 141|0x0000000088d00000, 0x0000000088d00000, 0x0000000088e00000|  0%| F|  |TAMS 0x0000000088d00000, 0x0000000088d00000| Untracked 
| 142|0x0000000088e00000, 0x0000000088e00000, 0x0000000088f00000|  0%| F|  |TAMS 0x0000000088e00000, 0x0000000088e00000| Untracked 
| 143|0x0000000088f00000, 0x0000000088f00000, 0x0000000089000000|  0%| F|  |TAMS 0x0000000088f00000, 0x0000000088f00000| Untracked 
| 144|0x0000000089000000, 0x0000000089000000, 0x0000000089100000|  0%| F|  |TAMS 0x0000000089000000, 0x0000000089000000| Untracked 
| 145|0x0000000089100000, 0x0000000089100000, 0x0000000089200000|  0%| F|  |TAMS 0x0000000089100000, 0x0000000089100000| Untracked 
| 146|0x0000000089200000, 0x0000000089200000, 0x0000000089300000|  0%| F|  |TAMS 0x0000000089200000, 0x0000000089200000| Untracked 
| 147|0x0000000089300000, 0x0000000089300000, 0x0000000089400000|  0%| F|  |TAMS 0x0000000089300000, 0x0000000089300000| Untracked 
| 148|0x0000000089400000, 0x0000000089400000, 0x0000000089500000|  0%| F|  |TAMS 0x0000000089400000, 0x0000000089400000| Untracked 
| 149|0x0000000089500000, 0x0000000089500000, 0x0000000089600000|  0%| F|  |TAMS 0x0000000089500000, 0x0000000089500000| Untracked 
| 150|0x0000000089600000, 0x0000000089600000, 0x0000000089700000|  0%| F|  |TAMS 0x0000000089600000, 0x0000000089600000| Untracked 
| 151|0x0000000089700000, 0x0000000089700000, 0x0000000089800000|  0%| F|  |TAMS 0x0000000089700000, 0x0000000089700000| Untracked 
| 152|0x0000000089800000, 0x0000000089800000, 0x0000000089900000|  0%| F|  |TAMS 0x0000000089800000, 0x0000000089800000| Untracked 
| 153|0x0000000089900000, 0x0000000089900000, 0x0000000089a00000|  0%| F|  |TAMS 0x0000000089900000, 0x0000000089900000| Untracked 
| 154|0x0000000089a00000, 0x0000000089a00000, 0x0000000089b00000|  0%| F|  |TAMS 0x0000000089a00000, 0x0000000089a00000| Untracked 
| 155|0x0000000089b00000, 0x0000000089b00000, 0x0000000089c00000|  0%| F|  |TAMS 0x0000000089b00000, 0x0000000089b00000| Untracked 
| 156|0x0000000089c00000, 0x0000000089c00000, 0x0000000089d00000|  0%| F|  |TAMS 0x0000000089c00000, 0x0000000089c00000| Untracked 
| 157|0x0000000089d00000, 0x0000000089d00000, 0x0000000089e00000|  0%| F|  |TAMS 0x0000000089d00000, 0x0000000089d00000| Untracked 
| 158|0x0000000089e00000, 0x0000000089e00000, 0x0000000089f00000|  0%| F|  |TAMS 0x0000000089e00000, 0x0000000089e00000| Untracked 
| 159|0x0000000089f00000, 0x0000000089f00000, 0x000000008a000000|  0%| F|  |TAMS 0x0000000089f00000, 0x0000000089f00000| Untracked 
| 160|0x000000008a000000, 0x000000008a000000, 0x000000008a100000|  0%| F|  |TAMS 0x000000008a000000, 0x000000008a000000| Untracked 
| 161|0x000000008a100000, 0x000000008a100000, 0x000000008a200000|  0%| F|  |TAMS 0x000000008a100000, 0x000000008a100000| Untracked 
| 162|0x000000008a200000, 0x000000008a200000, 0x000000008a300000|  0%| F|  |TAMS 0x000000008a200000, 0x000000008a200000| Untracked 
| 163|0x000000008a300000, 0x000000008a300000, 0x000000008a400000|  0%| F|  |TAMS 0x000000008a300000, 0x000000008a300000| Untracked 
| 164|0x000000008a400000, 0x000000008a400000, 0x000000008a500000|  0%| F|  |TAMS 0x000000008a400000, 0x000000008a400000| Untracked 
| 165|0x000000008a500000, 0x000000008a5987f8, 0x000000008a600000| 59%| E|  |TAMS 0x000000008a500000, 0x000000008a500000| Complete 
| 166|0x000000008a600000, 0x000000008a700000, 0x000000008a700000|100%| E|CS|TAMS 0x000000008a600000, 0x000000008a600000| Complete 
| 167|0x000000008a700000, 0x000000008a800000, 0x000000008a800000|100%| E|CS|TAMS 0x000000008a700000, 0x000000008a700000| Complete 
| 168|0x000000008a800000, 0x000000008a900000, 0x000000008a900000|100%| E|CS|TAMS 0x000000008a800000, 0x000000008a800000| Complete 
| 169|0x000000008a900000, 0x000000008aa00000, 0x000000008aa00000|100%| E|CS|TAMS 0x000000008a900000, 0x000000008a900000| Complete 
| 170|0x000000008aa00000, 0x000000008ab00000, 0x000000008ab00000|100%| E|CS|TAMS 0x000000008aa00000, 0x000000008aa00000| Complete 
| 171|0x000000008ab00000, 0x000000008ac00000, 0x000000008ac00000|100%| E|CS|TAMS 0x000000008ab00000, 0x000000008ab00000| Complete 
| 172|0x000000008ac00000, 0x000000008ad00000, 0x000000008ad00000|100%| E|CS|TAMS 0x000000008ac00000, 0x000000008ac00000| Complete 
| 173|0x000000008ad00000, 0x000000008ae00000, 0x000000008ae00000|100%| E|CS|TAMS 0x000000008ad00000, 0x000000008ad00000| Complete 
| 174|0x000000008ae00000, 0x000000008af00000, 0x000000008af00000|100%| E|CS|TAMS 0x000000008ae00000, 0x000000008ae00000| Complete 
| 175|0x000000008af00000, 0x000000008b000000, 0x000000008b000000|100%| E|CS|TAMS 0x000000008af00000, 0x000000008af00000| Complete 
| 176|0x000000008b000000, 0x000000008b100000, 0x000000008b100000|100%| E|CS|TAMS 0x000000008b000000, 0x000000008b000000| Complete 
| 177|0x000000008b100000, 0x000000008b200000, 0x000000008b200000|100%| E|CS|TAMS 0x000000008b100000, 0x000000008b100000| Complete 
| 178|0x000000008b200000, 0x000000008b300000, 0x000000008b300000|100%| E|CS|TAMS 0x000000008b200000, 0x000000008b200000| Complete 
| 179|0x000000008b300000, 0x000000008b400000, 0x000000008b400000|100%| E|CS|TAMS 0x000000008b300000, 0x000000008b300000| Complete 
| 180|0x000000008b400000, 0x000000008b500000, 0x000000008b500000|100%| E|CS|TAMS 0x000000008b400000, 0x000000008b400000| Complete 
| 181|0x000000008b500000, 0x000000008b600000, 0x000000008b600000|100%| E|CS|TAMS 0x000000008b500000, 0x000000008b500000| Complete 
| 182|0x000000008b600000, 0x000000008b700000, 0x000000008b700000|100%| E|CS|TAMS 0x000000008b600000, 0x000000008b600000| Complete 
| 183|0x000000008b700000, 0x000000008b800000, 0x000000008b800000|100%| E|CS|TAMS 0x000000008b700000, 0x000000008b700000| Complete 
| 184|0x000000008b800000, 0x000000008b900000, 0x000000008b900000|100%| E|CS|TAMS 0x000000008b800000, 0x000000008b800000| Complete 
| 185|0x000000008b900000, 0x000000008ba00000, 0x000000008ba00000|100%| E|CS|TAMS 0x000000008b900000, 0x000000008b900000| Complete 
| 186|0x000000008ba00000, 0x000000008bb00000, 0x000000008bb00000|100%| E|CS|TAMS 0x000000008ba00000, 0x000000008ba00000| Complete 
| 187|0x000000008bb00000, 0x000000008bc00000, 0x000000008bc00000|100%| E|CS|TAMS 0x000000008bb00000, 0x000000008bb00000| Complete 
| 188|0x000000008bc00000, 0x000000008bd00000, 0x000000008bd00000|100%| E|CS|TAMS 0x000000008bc00000, 0x000000008bc00000| Complete 
| 189|0x000000008bd00000, 0x000000008be00000, 0x000000008be00000|100%| E|CS|TAMS 0x000000008bd00000, 0x000000008bd00000| Complete 
| 190|0x000000008be00000, 0x000000008bf00000, 0x000000008bf00000|100%| E|CS|TAMS 0x000000008be00000, 0x000000008be00000| Complete 
| 191|0x000000008bf00000, 0x000000008c000000, 0x000000008c000000|100%| E|CS|TAMS 0x000000008bf00000, 0x000000008bf00000| Complete 

Card table byte_map: [0x0000018a47690000,0x0000018a47a90000] _byte_map_base: 0x0000018a47290000

Marking Bits (Prev, Next): (CMBitMap*) 0x0000018a347a36c0, (CMBitMap*) 0x0000018a347a3688
 Prev Bits: [0x0000018a49e90000, 0x0000018a4be90000)
 Next Bits: [0x0000018a47e90000, 0x0000018a49e90000)

Polling page: 0x0000018a32640000

Metaspace:

Usage:
  Non-class:     76.89 MB capacity,    75.35 MB ( 98%) used,     1.27 MB (  2%) free+waste,   278.06 KB ( <1%) overhead. 
      Class:     12.28 MB capacity,    11.34 MB ( 92%) used,   832.96 KB (  7%) free+waste,   128.62 KB (  1%) overhead. 
       Both:     89.17 MB capacity,    86.69 MB ( 97%) used,     2.08 MB (  2%) free+waste,   406.69 KB ( <1%) overhead. 

Virtual space:
  Non-class space:       78.00 MB reserved,      77.13 MB ( 99%) committed 
      Class space:        1.00 GB reserved,      12.32 MB (  1%) committed 
             Both:        1.08 GB reserved,      89.45 MB (  8%) committed 

Chunk freelists:
   Non-Class:  53.00 KB
       Class:  0 bytes
        Both:  53.00 KB

MaxMetaspaceSize: 17179869184.00 GB
CompressedClassSpaceSize: 1.00 GB
Initial GC threshold: 20.80 MB
Current GC threshold: 98.88 MB
CDS: off

CodeHeap 'non-profiled nmethods': size=120064Kb used=5174Kb max_used=5174Kb free=114890Kb
 bounds [0x0000018a3fd50000, 0x0000018a40260000, 0x0000018a47290000]
CodeHeap 'profiled nmethods': size=120000Kb used=20532Kb max_used=20532Kb free=99467Kb
 bounds [0x0000018a38820000, 0x0000018a39c30000, 0x0000018a3fd50000]
CodeHeap 'non-nmethods': size=5696Kb used=2382Kb max_used=2426Kb free=3313Kb
 bounds [0x0000018a38290000, 0x0000018a38500000, 0x0000018a38820000]
 total_blobs=10618 nmethods=9714 adapters=815
 compilation: enabled
              stopped_count=0, restarted_count=0
 full_count=0

Compilation events (20 events):
Event: 46.464 Thread 0x0000018a4ec22000 9733       2       org.gradle.internal.snapshot.AbstractListChildMap::store (72 bytes)
Event: 46.465 Thread 0x0000018a4ec22000 nmethod 9733 0x0000018a39c10690 code [0x0000018a39c108c0, 0x0000018a39c10e58]
Event: 46.465 Thread 0x0000018a4ec22000 9734       2       com.google.common.collect.RegularImmutableSortedSet::size (8 bytes)
Event: 46.465 Thread 0x0000018a4ec22000 nmethod 9734 0x0000018a39c11190 code [0x0000018a39c11340, 0x0000018a39c11468]
Event: 46.467 Thread 0x0000018a4ec22000 9735       2       com.google.common.collect.ImmutableSortedMap::size (8 bytes)
Event: 46.467 Thread 0x0000018a4ec22000 nmethod 9735 0x0000018a39c11510 code [0x0000018a39c116c0, 0x0000018a39c117e8]
Event: 46.468 Thread 0x0000018a4ec22000 9736       1       com.google.common.collect.ImmutableSortedMap::access$200 (5 bytes)
Event: 46.468 Thread 0x0000018a4ec22000 nmethod 9736 0x0000018a4025a810 code [0x0000018a4025a9c0, 0x0000018a4025aa58]
Event: 46.468 Thread 0x0000018a4ec22000 9737       1       com.google.common.collect.ImmutableSortedMap::access$300 (5 bytes)
Event: 46.468 Thread 0x0000018a4ec22000 nmethod 9737 0x0000018a4025ab10 code [0x0000018a4025acc0, 0x0000018a4025ad58]
Event: 46.468 Thread 0x0000018a4ec22000 9738       2       com.google.common.collect.Iterators::emptyIterator (4 bytes)
Event: 46.468 Thread 0x0000018a4ec22000 nmethod 9738 0x0000018a39c11890 code [0x0000018a39c11a40, 0x0000018a39c11b18]
Event: 46.472 Thread 0x0000018a4ec22000 9739       2       com.google.common.collect.ImmutableMapEntrySet::<init> (5 bytes)
Event: 46.472 Thread 0x0000018a4ec22000 nmethod 9739 0x0000018a39c11b90 code [0x0000018a39c11d40, 0x0000018a39c11e38]
Event: 46.472 Thread 0x0000018a4ec22000 9740       2       org.gradle.internal.snapshot.AbstractIncompleteFileSystemNode::getNode (10 bytes)
Event: 46.473 Thread 0x0000018a4ec22000 nmethod 9740 0x0000018a39c11f10 code [0x0000018a39c120e0, 0x0000018a39c122e8]
Event: 46.473 Thread 0x0000018a4ec22000 9741       2       org.gradle.internal.snapshot.SnapshotUtil::getChild (20 bytes)
Event: 46.473 Thread 0x0000018a4ec22000 nmethod 9741 0x0000018a39c12410 code [0x0000018a39c125e0, 0x0000018a39c127c8]
Event: 46.473 Thread 0x0000018a4ec22000 9742       2       org.gradle.internal.snapshot.SnapshotUtil$2::<init> (10 bytes)
Event: 46.474 Thread 0x0000018a4ec22000 nmethod 9742 0x0000018a39c12890 code [0x0000018a39c12a40, 0x0000018a39c12b78]

GC Heap History (20 events):
Event: 24.528 GC heap before
{Heap before GC invocations=8 (full 0):
 garbage-first heap   total 196608K, used 122328K [0x0000000080000000, 0x0000000100000000)
  region size 1024K, 102 young (104448K), 11 survivors (11264K)
 Metaspace       used 49577K, capacity 50890K, committed 51024K, reserved 1093632K
  class space    used 6280K, capacity 6785K, committed 6860K, reserved 1048576K
}
Event: 24.600 GC heap after
{Heap after GC invocations=9 (full 0):
 garbage-first heap   total 196608K, used 33669K [0x0000000080000000, 0x0000000100000000)
  region size 1024K, 11 young (11264K), 11 survivors (11264K)
 Metaspace       used 49577K, capacity 50890K, committed 51024K, reserved 1093632K
  class space    used 6280K, capacity 6785K, committed 6860K, reserved 1048576K
}
Event: 33.155 GC heap before
{Heap before GC invocations=9 (full 0):
 garbage-first heap   total 196608K, used 138117K [0x0000000080000000, 0x0000000100000000)
  region size 1024K, 104 young (106496K), 11 survivors (11264K)
 Metaspace       used 58529K, capacity 60097K, committed 60240K, reserved 1101824K
  class space    used 7384K, capacity 8027K, committed 8140K, reserved 1048576K
}
Event: 33.178 GC heap after
{Heap after GC invocations=10 (full 0):
 garbage-first heap   total 196608K, used 50915K [0x0000000080000000, 0x0000000100000000)
  region size 1024K, 13 young (13312K), 13 survivors (13312K)
 Metaspace       used 58529K, capacity 60097K, committed 60240K, reserved 1101824K
  class space    used 7384K, capacity 8027K, committed 8140K, reserved 1048576K
}
Event: 33.255 GC heap before
{Heap before GC invocations=10 (full 0):
 garbage-first heap   total 196608K, used 52963K [0x0000000080000000, 0x0000000100000000)
  region size 1024K, 16 young (16384K), 13 survivors (13312K)
 Metaspace       used 58807K, capacity 60438K, committed 60496K, reserved 1101824K
  class space    used 7420K, capacity 8097K, committed 8140K, reserved 1048576K
}
Event: 33.276 GC heap after
{Heap after GC invocations=11 (full 0):
 garbage-first heap   total 196608K, used 53521K [0x0000000080000000, 0x0000000100000000)
  region size 1024K, 2 young (2048K), 2 survivors (2048K)
 Metaspace       used 58807K, capacity 60438K, committed 60496K, reserved 1101824K
  class space    used 7420K, capacity 8097K, committed 8140K, reserved 1048576K
}
Event: 35.410 GC heap before
{Heap before GC invocations=12 (full 0):
 garbage-first heap   total 196608K, used 119057K [0x0000000080000000, 0x0000000100000000)
  region size 1024K, 59 young (60416K), 2 survivors (2048K)
 Metaspace       used 63499K, capacity 65195K, committed 65488K, reserved 1105920K
  class space    used 7993K, capacity 8665K, committed 8780K, reserved 1048576K
}
Event: 35.424 GC heap after
{Heap after GC invocations=13 (full 0):
 garbage-first heap   total 196608K, used 57417K [0x0000000080000000, 0x0000000100000000)
  region size 1024K, 6 young (6144K), 6 survivors (6144K)
 Metaspace       used 63499K, capacity 65195K, committed 65488K, reserved 1105920K
  class space    used 7993K, capacity 8665K, committed 8780K, reserved 1048576K
}
Event: 37.224 GC heap before
{Heap before GC invocations=13 (full 0):
 garbage-first heap   total 196608K, used 118857K [0x0000000080000000, 0x0000000100000000)
  region size 1024K, 66 young (67584K), 6 survivors (6144K)
 Metaspace       used 68234K, capacity 69929K, committed 70224K, reserved 1110016K
  class space    used 8610K, capacity 9294K, committed 9420K, reserved 1048576K
}
Event: 37.238 GC heap after
{Heap after GC invocations=14 (full 0):
 garbage-first heap   total 196608K, used 60615K [0x0000000080000000, 0x0000000100000000)
  region size 1024K, 4 young (4096K), 4 survivors (4096K)
 Metaspace       used 68234K, capacity 69929K, committed 70224K, reserved 1110016K
  class space    used 8610K, capacity 9294K, committed 9420K, reserved 1048576K
}
Event: 38.587 GC heap before
{Heap before GC invocations=14 (full 0):
 garbage-first heap   total 196608K, used 126151K [0x0000000080000000, 0x0000000100000000)
  region size 1024K, 68 young (69632K), 4 survivors (4096K)
 Metaspace       used 70201K, capacity 71937K, committed 72272K, reserved 1112064K
  class space    used 8864K, capacity 9558K, committed 9676K, reserved 1048576K
}
Event: 38.599 GC heap after
{Heap after GC invocations=15 (full 0):
 garbage-first heap   total 196608K, used 64464K [0x0000000080000000, 0x0000000100000000)
  region size 1024K, 7 young (7168K), 7 survivors (7168K)
 Metaspace       used 70201K, capacity 71937K, committed 72272K, reserved 1112064K
  class space    used 8864K, capacity 9558K, committed 9676K, reserved 1048576K
}
Event: 41.685 GC heap before
{Heap before GC invocations=15 (full 0):
 garbage-first heap   total 196608K, used 132048K [0x0000000080000000, 0x0000000100000000)
  region size 1024K, 73 young (74752K), 7 survivors (7168K)
 Metaspace       used 76982K, capacity 78863K, committed 79056K, reserved 1118208K
  class space    used 9971K, capacity 10699K, committed 10828K, reserved 1048576K
}
Event: 41.702 GC heap after
{Heap after GC invocations=16 (full 0):
 garbage-first heap   total 196608K, used 68411K [0x0000000080000000, 0x0000000100000000)
  region size 1024K, 8 young (8192K), 8 survivors (8192K)
 Metaspace       used 76982K, capacity 78863K, committed 79056K, reserved 1118208K
  class space    used 9971K, capacity 10699K, committed 10828K, reserved 1048576K
}
Event: 43.491 GC heap before
{Heap before GC invocations=16 (full 0):
 garbage-first heap   total 196608K, used 137019K [0x0000000080000000, 0x0000000100000000)
  region size 1024K, 75 young (76800K), 8 survivors (8192K)
 Metaspace       used 83315K, capacity 85289K, committed 85584K, reserved 1124352K
  class space    used 10847K, capacity 11619K, committed 11724K, reserved 1048576K
}
Event: 43.510 GC heap after
{Heap after GC invocations=17 (full 0):
 garbage-first heap   total 196608K, used 72351K [0x0000000080000000, 0x0000000100000000)
  region size 1024K, 8 young (8192K), 8 survivors (8192K)
 Metaspace       used 83315K, capacity 85289K, committed 85584K, reserved 1124352K
  class space    used 10847K, capacity 11619K, committed 11724K, reserved 1048576K
}
Event: 44.720 GC heap before
{Heap before GC invocations=17 (full 0):
 garbage-first heap   total 196608K, used 141983K [0x0000000080000000, 0x0000000100000000)
  region size 1024K, 76 young (77824K), 8 survivors (8192K)
 Metaspace       used 86303K, capacity 88420K, committed 88528K, reserved 1126400K
  class space    used 11203K, capacity 12029K, committed 12108K, reserved 1048576K
}
Event: 44.743 GC heap after
{Heap after GC invocations=18 (full 0):
 garbage-first heap   total 196608K, used 78718K [0x0000000080000000, 0x0000000100000000)
  region size 1024K, 10 young (10240K), 10 survivors (10240K)
 Metaspace       used 86303K, capacity 88420K, committed 88528K, reserved 1126400K
  class space    used 11203K, capacity 12029K, committed 12108K, reserved 1048576K
}
Event: 45.656 GC heap before
{Heap before GC invocations=18 (full 0):
 garbage-first heap   total 196608K, used 147326K [0x0000000080000000, 0x0000000100000000)
  region size 1024K, 77 young (78848K), 10 survivors (10240K)
 Metaspace       used 87581K, capacity 89908K, committed 90192K, reserved 1126400K
  class space    used 11461K, capacity 12368K, committed 12492K, reserved 1048576K
}
Event: 45.700 GC heap after
{Heap after GC invocations=19 (full 0):
 garbage-first heap   total 196608K, used 87408K [0x0000000080000000, 0x0000000100000000)
  region size 1024K, 8 young (8192K), 8 survivors (8192K)
 Metaspace       used 87581K, capacity 89908K, committed 90192K, reserved 1126400K
  class space    used 11461K, capacity 12368K, committed 12492K, reserved 1048576K
}

Deoptimization events (20 events):
Event: 46.423 Thread 0x0000018a4f94f000 Uncommon trap: trap_request=0xffffff4d fr.pc=0x0000018a40072838 relative=0x00000000000006b8
Event: 46.423 Thread 0x0000018a4f94f000 Uncommon trap: reason=unstable_if action=reinterpret pc=0x0000018a40072838 method=org.gradle.internal.snapshot.VfsRelativePath.isPrefix(Ljava/lang/String;ILjava/lang/String;ILorg/gradle/internal/snapshot/CaseSensitivity;)Z @ 89 c2
Event: 46.423 Thread 0x0000018a4f94f000 DEOPT PACKING pc=0x0000018a40072838 sp=0x0000006b4fcfb2b0
Event: 46.423 Thread 0x0000018a4f94f000 DEOPT UNPACKING pc=0x0000018a382da1af sp=0x0000006b4fcfb230 mode 2
Event: 46.432 Thread 0x0000018a54777000 Uncommon trap: trap_request=0xffffff4d fr.pc=0x0000018a4015cbf4 relative=0x0000000000001534
Event: 46.432 Thread 0x0000018a54777000 Uncommon trap: reason=unstable_if action=reinterpret pc=0x0000018a4015cbf4 method=java.util.concurrent.ConcurrentHashMap.addCount(JI)V @ 34 c2
Event: 46.432 Thread 0x0000018a54777000 DEOPT PACKING pc=0x0000018a4015cbf4 sp=0x0000006b502f9e60
Event: 46.432 Thread 0x0000018a54777000 DEOPT UNPACKING pc=0x0000018a382da1af sp=0x0000006b502f9d38 mode 2
Event: 46.451 Thread 0x0000018a4f94f000 Uncommon trap: trap_request=0xffffff4d fr.pc=0x0000018a3fdac9b0 relative=0x0000000000000470
Event: 46.451 Thread 0x0000018a4f94f000 Uncommon trap: reason=unstable_if action=reinterpret pc=0x0000018a3fdac9b0 method=java.lang.StringLatin1.compareToCI([B[B)I @ 68 c2
Event: 46.451 Thread 0x0000018a4f94f000 DEOPT PACKING pc=0x0000018a3fdac9b0 sp=0x0000006b4fcfb430
Event: 46.451 Thread 0x0000018a4f94f000 DEOPT UNPACKING pc=0x0000018a382da1af sp=0x0000006b4fcfb3a8 mode 2
Event: 46.456 Thread 0x0000018a4f94f000 Uncommon trap: trap_request=0xffffff4d fr.pc=0x0000018a3fe090a8 relative=0x0000000000000148
Event: 46.456 Thread 0x0000018a4f94f000 Uncommon trap: reason=unstable_if action=reinterpret pc=0x0000018a3fe090a8 method=java.util.concurrent.ConcurrentHashMap.addCount(JI)V @ 7 c2
Event: 46.456 Thread 0x0000018a4f94f000 DEOPT PACKING pc=0x0000018a3fe090a8 sp=0x0000006b4fcfda80
Event: 46.456 Thread 0x0000018a4f94f000 DEOPT UNPACKING pc=0x0000018a382da1af sp=0x0000006b4fcfd9e0 mode 2
Event: 46.473 Thread 0x0000018a54777000 Uncommon trap: trap_request=0xffffff4d fr.pc=0x0000018a3feb3b8c relative=0x000000000000024c
Event: 46.473 Thread 0x0000018a54777000 Uncommon trap: reason=unstable_if action=reinterpret pc=0x0000018a3feb3b8c method=java.util.concurrent.ConcurrentHashMap.get(Ljava/lang/Object;)Ljava/lang/Object; @ 86 c2
Event: 46.473 Thread 0x0000018a54777000 DEOPT PACKING pc=0x0000018a3feb3b8c sp=0x0000006b502fa0e0
Event: 46.473 Thread 0x0000018a54777000 DEOPT UNPACKING pc=0x0000018a382da1af sp=0x0000006b502fa058 mode 2

Classes redefined (0 events):
No events

Internal exceptions (20 events):
Event: 45.303 Thread 0x0000018a51281000 Exception <a 'java/lang/NoSuchMethodError'{0x0000000088539cf8}: <clinit>> (0x0000000088539cf8) thrown at [src/hotspot/share/prims/jni.cpp, line 1367]
Event: 45.304 Thread 0x0000018a51281000 Exception <a 'java/lang/NoSuchMethodError'{0x0000000088545f28}: <clinit>> (0x0000000088545f28) thrown at [src/hotspot/share/prims/jni.cpp, line 1367]
Event: 45.326 Thread 0x0000018a54777000 Exception <a 'java/lang/IncompatibleClassChangeError'{0x00000000885a0c48}: Found class java.lang.Object, but interface was expected> (0x00000000885a0c48) thrown at [src/hotspot/share/interpreter/linkResolver.cpp, line 839]
Event: 45.378 Thread 0x0000018a54777000 Implicit null exception at 0x0000018a40071677 to 0x0000018a4007181c
Event: 45.451 Thread 0x0000018a54777000 Exception <a 'java/lang/IncompatibleClassChangeError'{0x0000000088349cb8}: Found class java.lang.Object, but interface was expected> (0x0000000088349cb8) thrown at [src/hotspot/share/interpreter/linkResolver.cpp, line 839]
Event: 45.587 Thread 0x0000018a54777000 Exception <a 'java/lang/NoSuchMethodError'{0x00000000881f6018}: 'int java.lang.invoke.DirectMethodHandle$Holder.invokeStaticInit(java.lang.Object, java.lang.Object, java.lang.Object, java.lang.Object, java.lang.Object)'> (0x00000000881f6018) thrown at [src/hotspot/share/interpreter/linkResolver.cpp, line 773]
Event: 45.625 Thread 0x0000018a51281000 Exception <a 'java/lang/NoSuchMethodError'{0x0000000087f77a98}: <clinit>> (0x0000000087f77a98) thrown at [src/hotspot/share/prims/jni.cpp, line 1367]
Event: 45.628 Thread 0x0000018a51281000 Exception <a 'java/lang/NoSuchMethodError'{0x0000000087fc8cc0}: <clinit>> (0x0000000087fc8cc0) thrown at [src/hotspot/share/prims/jni.cpp, line 1367]
Event: 45.628 Thread 0x0000018a51281000 Exception <a 'java/lang/NoSuchMethodError'{0x0000000087fca440}: <clinit>> (0x0000000087fca440) thrown at [src/hotspot/share/prims/jni.cpp, line 1367]
Event: 45.705 Thread 0x0000018a51281000 Exception <a 'java/lang/NoSuchMethodError'{0x000000008bfcdcb0}: <clinit>> (0x000000008bfcdcb0) thrown at [src/hotspot/share/prims/jni.cpp, line 1367]
Event: 45.715 Thread 0x0000018a4f953800 Exception <a 'java/lang/NoSuchMethodError'{0x000000008be3e470}: <clinit>> (0x000000008be3e470) thrown at [src/hotspot/share/prims/jni.cpp, line 1367]
Event: 45.718 Thread 0x0000018a4f953800 Exception <a 'java/lang/NoSuchMethodError'{0x000000008be77c90}: <clinit>> (0x000000008be77c90) thrown at [src/hotspot/share/prims/jni.cpp, line 1367]
Event: 45.722 Thread 0x0000018a4f953800 Exception <a 'java/lang/NoSuchMethodError'{0x000000008be9b598}: <clinit>> (0x000000008be9b598) thrown at [src/hotspot/share/prims/jni.cpp, line 1367]
Event: 45.724 Thread 0x0000018a4f953800 Exception <a 'java/lang/NoSuchMethodError'{0x000000008bea46b8}: 'void java.lang.invoke.DirectMethodHandle$Holder.invokeSpecial(java.lang.Object, java.lang.Object, java.lang.Object, int)'> (0x000000008bea46b8) thrown at [src/hotspot/share/interpreter/linkResolver.cpp, line 773]
Event: 45.735 Thread 0x0000018a54777000 Exception <a 'java/lang/NoSuchMethodError'{0x000000008bee53e0}: 'int java.lang.invoke.DirectMethodHandle$Holder.invokeSpecial(java.lang.Object, java.lang.Object, java.lang.Object, java.lang.Object, java.lang.Object)'> (0x000000008bee53e0) thrown at [src/hotspot/share/interpreter/linkResolver.cpp, line 773]
Event: 46.356 Thread 0x0000018a54777000 Exception <a 'java/lang/NoSuchMethodError'{0x000000008af5c840}: 'void java.lang.invoke.DirectMethodHandle$Holder.invokeStatic(java.lang.Object, java.lang.Object, java.lang.Object, java.lang.Object, int, java.lang.Object, java.lang.Object)'> (0x000000008af5c840) thrown at [src/hotspot/share/interpreter/linkResolver.cpp, line 773]
Event: 46.399 Thread 0x0000018a4f99e000 Exception <a 'java/lang/NoSuchMethodError'{0x000000008abb0028}: 'java.lang.Object java.lang.invoke.DirectMethodHandle$Holder.invokeSpecialIFC(java.lang.Object, java.lang.Object, java.lang.Object)'> (0x000000008abb0028) thrown at [src/hotspot/share/interpreter/linkResolver.cpp, line 773]
Event: 46.399 Thread 0x0000018a54777000 Exception <a 'java/lang/NoSuchMethodError'{0x000000008ab4b2c0}: 'java.lang.Object java.lang.invoke.DirectMethodHandle$Holder.invokeSpecialIFC(java.lang.Object, java.lang.Object, java.lang.Object)'> (0x000000008ab4b2c0) thrown at [src/hotspot/share/interpreter/linkResolver.cpp, line 773]
Event: 46.399 Thread 0x0000018a4f94f000 Exception <a 'java/lang/NoSuchMethodError'{0x000000008abb8fd8}: 'java.lang.Object java.lang.invoke.DirectMethodHandle$Holder.invokeSpecialIFC(java.lang.Object, java.lang.Object, java.lang.Object)'> (0x000000008abb8fd8) thrown at [src/hotspot/share/interpreter/linkResolver.cpp, line 773]
Event: 46.399 Thread 0x0000018a4f952800 Exception <a 'java/lang/NoSuchMethodError'{0x000000008abc4cb0}: 'java.lang.Object java.lang.invoke.DirectMethodHandle$Holder.invokeSpecialIFC(java.lang.Object, java.lang.Object, java.lang.Object)'> (0x000000008abc4cb0) thrown at [src/hotspot/share/interpreter/linkResolver.cpp, line 773]

Events (20 events):
Event: 46.456 loading class com/google/common/collect/ImmutableList$Builder
Event: 46.456 loading class com/google/common/collect/ImmutableList$Builder done
Event: 46.456 loading class org/gradle/api/internal/artifacts/transform/TransformationResult$Builder$TransformationOutput
Event: 46.456 loading class org/gradle/api/internal/artifacts/transform/TransformationResult$Builder$TransformationOutput done
Event: 46.456 loading class com/google/common/collect/ImmutableList$Builder
Event: 46.456 loading class com/google/common/collect/ImmutableList$Builder done
Event: 46.457 loading class org/gradle/internal/snapshot/VfsRelativePath
Event: 46.457 loading class org/gradle/internal/snapshot/VfsRelativePath done
Event: 46.457 loading class org/gradle/internal/snapshot/MetadataSnapshot
Event: 46.457 loading class org/gradle/internal/snapshot/MetadataSnapshot done
Event: 46.457 loading class org/gradle/internal/snapshot/VfsRelativePath
Event: 46.457 loading class org/gradle/internal/snapshot/VfsRelativePath done
Event: 46.465 Executing VM operation: RevokeBias
Event: 46.467 Executing VM operation: RevokeBias done
Event: 46.471 Executing VM operation: RevokeBias
Event: 46.471 Executing VM operation: RevokeBias done
Event: 46.472 Executing VM operation: RevokeBias
Event: 46.473 Executing VM operation: RevokeBias done
Event: 46.473 Executing VM operation: RevokeBias
Event: 46.474 Executing VM operation: RevokeBias done


Dynamic libraries:
0x00007ff79e6b0000 - 0x00007ff79e6ba000 	C:\Program Files\Android\Android Studio\jbr\bin\java.exe
0x00007ffe42cd0000 - 0x00007ffe42ec8000 	C:\WINDOWS\SYSTEM32\ntdll.dll
0x00007ffe41f70000 - 0x00007ffe4202f000 	C:\WINDOWS\System32\KERNEL32.DLL
0x00007ffe40750000 - 0x00007ffe40a22000 	C:\WINDOWS\System32\KERNELBASE.dll
0x00007ffe40400000 - 0x00007ffe40500000 	C:\WINDOWS\System32\ucrtbase.dll
0x00007ffe3b2e0000 - 0x00007ffe3b2f7000 	C:\Program Files\Android\Android Studio\jbr\bin\jli.dll
0x00007ffe41c70000 - 0x00007ffe41e11000 	C:\WINDOWS\System32\USER32.dll
0x00007ffe40cf0000 - 0x00007ffe40d12000 	C:\WINDOWS\System32\win32u.dll
0x00007ffe41bc0000 - 0x00007ffe41beb000 	C:\WINDOWS\System32\GDI32.dll
0x00007ffe40500000 - 0x00007ffe4060f000 	C:\WINDOWS\System32\gdi32full.dll
0x00007ffe40be0000 - 0x00007ffe40c7d000 	C:\WINDOWS\System32\msvcp_win.dll
0x00007ffe3acd0000 - 0x00007ffe3aceb000 	C:\Program Files\Android\Android Studio\jbr\bin\VCRUNTIME140.dll
0x00007ffe32d40000 - 0x00007ffe32fda000 	C:\WINDOWS\WinSxS\amd64_microsoft.windows.common-controls_6595b64144ccf1df_6.0.19041.1110_none_60b5254171f9507e\COMCTL32.dll
0x00007ffe41140000 - 0x00007ffe411de000 	C:\WINDOWS\System32\msvcrt.dll
0x00007ffe41b90000 - 0x00007ffe41bc0000 	C:\WINDOWS\System32\IMM32.DLL
0x00007ffe3abc0000 - 0x00007ffe3abcc000 	C:\Program Files\Android\Android Studio\jbr\bin\vcruntime140_1.dll
0x00007ffe0f730000 - 0x00007ffe0f7bd000 	C:\Program Files\Android\Android Studio\jbr\bin\msvcp140.dll
0x00007ffdbde10000 - 0x00007ffdbe9cc000 	C:\Program Files\Android\Android Studio\jbr\bin\server\jvm.dll
0x00007ffe42be0000 - 0x00007ffe42c8e000 	C:\WINDOWS\System32\ADVAPI32.dll
0x00007ffe41e20000 - 0x00007ffe41ebc000 	C:\WINDOWS\System32\sechost.dll
0x00007ffe42030000 - 0x00007ffe42154000 	C:\WINDOWS\System32\RPCRT4.dll
0x00007ffe411e0000 - 0x00007ffe411e8000 	C:\WINDOWS\System32\PSAPI.DLL
0x00007ffdc8ab0000 - 0x00007ffdc8ab9000 	C:\WINDOWS\SYSTEM32\WSOCK32.dll
0x00007ffe41c00000 - 0x00007ffe41c6b000 	C:\WINDOWS\System32\WS2_32.dll
0x00007ffe32110000 - 0x00007ffe32137000 	C:\WINDOWS\SYSTEM32\WINMM.dll
0x00007ffe3a9b0000 - 0x00007ffe3a9ba000 	C:\WINDOWS\SYSTEM32\VERSION.dll
0x00007ffe3ec20000 - 0x00007ffe3ec32000 	C:\WINDOWS\SYSTEM32\kernel.appcore.dll
0x00007ffe3b2b0000 - 0x00007ffe3b2c0000 	C:\Program Files\Android\Android Studio\jbr\bin\verify.dll
0x00007ffe3e190000 - 0x00007ffe3e374000 	C:\WINDOWS\SYSTEM32\DBGHELP.DLL
0x00007ffe38760000 - 0x00007ffe38795000 	C:\WINDOWS\SYSTEM32\dbgcore.DLL
0x00007ffe406c0000 - 0x00007ffe40742000 	C:\WINDOWS\System32\bcryptPrimitives.dll
0x00007ffe37390000 - 0x00007ffe373b8000 	C:\Program Files\Android\Android Studio\jbr\bin\java.dll
0x00007ffe3abe0000 - 0x00007ffe3abea000 	C:\Program Files\Android\Android Studio\jbr\bin\jimage.dll
0x00007ffe37370000 - 0x00007ffe37388000 	C:\Program Files\Android\Android Studio\jbr\bin\zip.dll
0x00007ffe412c0000 - 0x00007ffe41a05000 	C:\WINDOWS\System32\SHELL32.dll
0x00007ffe3e380000 - 0x00007ffe3eb12000 	C:\WINDOWS\SYSTEM32\windows.storage.dll
0x00007ffe40d20000 - 0x00007ffe41075000 	C:\WINDOWS\System32\combase.dll
0x00007ffe3fe30000 - 0x00007ffe3fe60000 	C:\WINDOWS\SYSTEM32\Wldp.dll
0x00007ffe42370000 - 0x00007ffe4241d000 	C:\WINDOWS\System32\SHCORE.dll
0x00007ffe42160000 - 0x00007ffe421b5000 	C:\WINDOWS\System32\shlwapi.dll
0x00007ffe40310000 - 0x00007ffe4032f000 	C:\WINDOWS\SYSTEM32\profapi.dll
0x00007ffe37350000 - 0x00007ffe37369000 	C:\Program Files\Android\Android Studio\jbr\bin\net.dll
0x00007ffe37570000 - 0x00007ffe3767a000 	C:\WINDOWS\SYSTEM32\WINHTTP.dll
0x00007ffe3fb90000 - 0x00007ffe3fbfa000 	C:\WINDOWS\system32\mswsock.dll
0x00007ffe37330000 - 0x00007ffe37343000 	C:\Program Files\Android\Android Studio\jbr\bin\nio.dll
0x00007ffe19be0000 - 0x00007ffe19c07000 	C:\Users\User\.gradle\native\e1d6ef7f7dcc3fd88c89a11ec53ec762bb8ba0a96d01ffa2cd45eb1d1d8dd5c5\windows-amd64\native-platform.dll
0x00007ffe00810000 - 0x00007ffe00954000 	C:\Users\User\.gradle\native\0d407fdbe67a94daf76414ababcb853783967236a71b16ec16e742cd7a986fd3\windows-amd64\native-platform-file-events.dll
0x00007ffe3abd0000 - 0x00007ffe3abda000 	C:\Program Files\Android\Android Studio\jbr\bin\management.dll
0x00007ffe3aaf0000 - 0x00007ffe3aafb000 	C:\Program Files\Android\Android Studio\jbr\bin\management_ext.dll
0x00007ffe3fd90000 - 0x00007ffe3fda8000 	C:\WINDOWS\SYSTEM32\CRYPTSP.dll
0x00007ffe3f440000 - 0x00007ffe3f474000 	C:\WINDOWS\system32\rsaenh.dll
0x00007ffe403d0000 - 0x00007ffe403f7000 	C:\WINDOWS\System32\bcrypt.dll
0x00007ffe402d0000 - 0x00007ffe402fe000 	C:\WINDOWS\SYSTEM32\USERENV.dll
0x00007ffe3fd80000 - 0x00007ffe3fd8c000 	C:\WINDOWS\SYSTEM32\CRYPTBASE.dll
0x00007ffe3f830000 - 0x00007ffe3f86b000 	C:\WINDOWS\SYSTEM32\IPHLPAPI.DLL
0x00007ffe41bf0000 - 0x00007ffe41bf8000 	C:\WINDOWS\System32\NSI.dll
0x00007ffe37ec0000 - 0x00007ffe37ed7000 	C:\WINDOWS\SYSTEM32\dhcpcsvc6.DLL
0x00007ffe38990000 - 0x00007ffe389ad000 	C:\WINDOWS\SYSTEM32\dhcpcsvc.DLL
0x00007ffe3f870000 - 0x00007ffe3f93b000 	C:\WINDOWS\SYSTEM32\DNSAPI.dll

dbghelp: loaded successfully - version: 4.0.5 - missing functions: none
symbol engine: initialized successfully - sym options: 0x614 - pdb path: .;C:\Program Files\Android\Android Studio\jbr\bin;C:\WINDOWS\SYSTEM32;C:\WINDOWS\WinSxS\amd64_microsoft.windows.common-controls_6595b64144ccf1df_6.0.19041.1110_none_60b5254171f9507e;C:\Program Files\Android\Android Studio\jbr\bin\server;C:\Users\User\.gradle\native\e1d6ef7f7dcc3fd88c89a11ec53ec762bb8ba0a96d01ffa2cd45eb1d1d8dd5c5\windows-amd64;C:\Users\User\.gradle\native\0d407fdbe67a94daf76414ababcb853783967236a71b16ec16e742cd7a986fd3\windows-amd64

VM Arguments:
jvm_args: --add-opens=java.base/java.util=ALL-UNNAMED --add-opens=java.base/java.lang=ALL-UNNAMED --add-opens=java.base/java.lang.invoke=ALL-UNNAMED --add-opens=java.base/java.util=ALL-UNNAMED --add-opens=java.prefs/java.util.prefs=ALL-UNNAMED --add-opens=java.prefs/java.util.prefs=ALL-UNNAMED --add-opens=java.base/java.nio.charset=ALL-UNNAMED --add-opens=java.base/java.net=ALL-UNNAMED --add-opens=java.base/java.util.concurrent.atomic=ALL-UNNAMED -Xmx2048m -Dfile.encoding=UTF-8 -Duser.country=RU -Duser.language=ru -Duser.variant 
java_command: org.gradle.launcher.daemon.bootstrap.GradleDaemon 7.5
java_class_path (initial): C:\Users\User\.gradle\wrapper\dists\gradle-7.5-bin\f1w0cc9nuo0eivz97x2xlu9sv\gradle-7.5\lib\gradle-launcher-7.5.jar
Launcher Type: SUN_STANDARD

[Global flags]
     intx CICompilerCount                          = 3                                         {product} {ergonomic}
     uint ConcGCThreads                            = 1                                         {product} {ergonomic}
     uint G1ConcRefinementThreads                  = 4                                         {product} {ergonomic}
   size_t G1HeapRegionSize                         = 1048576                                   {product} {ergonomic}
    uintx GCDrainStackTargetSize                   = 64                                        {product} {ergonomic}
   size_t InitialHeapSize                          = 201326592                                 {product} {ergonomic}
   size_t MarkStackSize                            = 4194304                                   {product} {ergonomic}
   size_t MaxHeapSize                              = 2147483648                                {product} {command line}
   size_t MaxNewSize                               = 1287651328                                {product} {ergonomic}
   size_t MinHeapDeltaBytes                        = 1048576                                   {product} {ergonomic}
    uintx NonNMethodCodeHeapSize                   = 5830732                                {pd product} {ergonomic}
    uintx NonProfiledCodeHeapSize                  = 122913754                              {pd product} {ergonomic}
    uintx ProfiledCodeHeapSize                     = 122913754                              {pd product} {ergonomic}
    uintx ReservedCodeCacheSize                    = 251658240                              {pd product} {ergonomic}
     bool SegmentedCodeCache                       = true                                      {product} {ergonomic}
     bool UseCompressedClassPointers               = true                                 {lp64_product} {ergonomic}
     bool UseCompressedOops                        = true                                 {lp64_product} {ergonomic}
     bool UseG1GC                                  = true                                      {product} {ergonomic}
     bool UseLargePagesIndividualAllocation        = false                                  {pd product} {ergonomic}

Logging:
Log output configuration:
 #0: stdout all=warning uptime,level,tags
 #1: stderr all=off uptime,level,tags

Environment Variables:
PATH=C:\Windows\system32;C:\Windows;C:\Windows\System32\Wbem;C:\Windows\System32\WindowsPowerShell\v1.0\;C:\Windows\System32\OpenSSH\;C:\Program Files (x86)\NVIDIA Corporation\PhysX\Common;C:\Program Files\7-Zip;C:\Program Files\NVIDIA Corporation\NVIDIA NvDLISR;C:\Program Files\Git\cmd;C:\WINDOWS\system32;C:\WINDOWS;C:\WINDOWS\System32\Wbem;C:\WINDOWS\System32\WindowsPowerShell\v1.0\;C:\WINDOWS\System32\OpenSSH\;C:\Program Files (x86)\NoteBook FanControl\;C:\Program Files\dotnet\;C:\Users\User\AppData\Local\Microsoft\WindowsApps;;C:\Users\User\AppData\Local\Programs\Microsoft VS Code\bin
USERNAME=User
OS=Windows_NT
PROCESSOR_IDENTIFIER=Intel64 Family 6 Model 142 Stepping 9, GenuineIntel



---------------  S Y S T E M  ---------------

OS: Windows 10 , 64 bit Build 19041 (10.0.19041.2546)
OS uptime: 16 days 23:34 hours

CPU:total 4 (initial active 4) (2 cores per cpu, 2 threads per core) family 6 model 142 stepping 9 microcode 0xca, cmov, cx8, fxsr, mmx, sse, sse2, sse3, ssse3, sse4.1, sse4.2, popcnt, avx, avx2, aes, clmul, erms, 3dnowpref, lzcnt, ht, tsc, tscinvbit, bmi1, bmi2, adx, fma

Memory: 4k page, system-wide physical 12166M (82M free)
TotalPageFile size 42524M (AvailPageFile size 0M)
current process WorkingSet (physical memory assigned to process): 370M, peak: 379M
current process commit charge ("private bytes"): 455M, peak: 464M

vm_info: OpenJDK 64-Bit Server VM (11.0.15+0-b2043.56-9505619) for windows-amd64 JRE (11.0.15+0-b2043.56-9505619), built on Jan 19 2023 02:48:00 by "builduser" with unknown MS VC++:1929

END.
